<?xml version="1.0" encoding="UTF-8"?>
<testsuite xmlns:xsi="http://www.w3.org/2001/XMLSchema-instance" xsi:noNamespaceSchemaLocation="https://maven.apache.org/surefire/maven-surefire-plugin/xsd/surefire-test-report-3.0.xsd" version="3.0" name="TestSuite" time="8.098" tests="2" errors="0" skipped="0" failures="0">
  <properties>
    <property name="gopherProxySet" value="false"/>
    <property name="awt.toolkit" value="sun.lwawt.macosx.LWCToolkit"/>
    <property name="file.encoding.pkg" value="sun.io"/>
    <property name="java.specification.version" value="1.8"/>
    <property name="webdriver.chrome.driver" value="/Users/twoolard/IdeaProjects/testngCucumber/src/test/resources/drivers/chrome/chromedriver-osx.exe"/>
    <property name="sun.cpu.isalist" value=""/>
    <property name="sun.jnu.encoding" value="UTF-8"/>
    <property name="java.class.path" value="/Users/twoolard/IdeaProjects/testngCucumber/target/test-classes:/Users/twoolard/IdeaProjects/testngCucumber/target/classes:/Users/twoolard/.m2/repository/org/seleniumhq/selenium/selenium-java/3.14.0/selenium-java-3.14.0.jar:/Users/twoolard/.m2/repository/org/seleniumhq/selenium/selenium-api/3.14.0/selenium-api-3.14.0.jar:/Users/twoolard/.m2/repository/org/seleniumhq/selenium/selenium-edge-driver/3.14.0/selenium-edge-driver-3.14.0.jar:/Users/twoolard/.m2/repository/org/seleniumhq/selenium/selenium-opera-driver/3.14.0/selenium-opera-driver-3.14.0.jar:/Users/twoolard/.m2/repository/org/seleniumhq/selenium/selenium-remote-driver/3.14.0/selenium-remote-driver-3.14.0.jar:/Users/twoolard/.m2/repository/org/seleniumhq/selenium/selenium-safari-driver/3.14.0/selenium-safari-driver-3.14.0.jar:/Users/twoolard/.m2/repository/org/seleniumhq/selenium/selenium-support/3.14.0/selenium-support-3.14.0.jar:/Users/twoolard/.m2/repository/net/bytebuddy/byte-buddy/1.8.15/byte-buddy-1.8.15.jar:/Users/twoolard/.m2/repository/org/apache/commons/commons-exec/1.3/commons-exec-1.3.jar:/Users/twoolard/.m2/repository/commons-codec/commons-codec/1.10/commons-codec-1.10.jar:/Users/twoolard/.m2/repository/commons-logging/commons-logging/1.2/commons-logging-1.2.jar:/Users/twoolard/.m2/repository/com/google/guava/guava/25.0-jre/guava-25.0-jre.jar:/Users/twoolard/.m2/repository/org/checkerframework/checker-compat-qual/2.0.0/checker-compat-qual-2.0.0.jar:/Users/twoolard/.m2/repository/com/google/errorprone/error_prone_annotations/2.1.3/error_prone_annotations-2.1.3.jar:/Users/twoolard/.m2/repository/com/google/j2objc/j2objc-annotations/1.1/j2objc-annotations-1.1.jar:/Users/twoolard/.m2/repository/org/codehaus/mojo/animal-sniffer-annotations/1.14/animal-sniffer-annotations-1.14.jar:/Users/twoolard/.m2/repository/org/apache/httpcomponents/httpclient/4.5.5/httpclient-4.5.5.jar:/Users/twoolard/.m2/repository/org/apache/httpcomponents/httpcore/4.4.9/httpcore-4.4.9.jar:/Users/twoolard/.m2/repository/com/squareup/okhttp3/okhttp/3.10.0/okhttp-3.10.0.jar:/Users/twoolard/.m2/repository/com/squareup/okio/okio/1.14.1/okio-1.14.1.jar:/Users/twoolard/.m2/repository/org/seleniumhq/selenium/selenium-chrome-driver/3.14.0/selenium-chrome-driver-3.14.0.jar:/Users/twoolard/.m2/repository/org/seleniumhq/selenium/selenium-ie-driver/3.14.0/selenium-ie-driver-3.14.0.jar:/Users/twoolard/.m2/repository/org/seleniumhq/selenium/selenium-firefox-driver/3.14.0/selenium-firefox-driver-3.14.0.jar:/Users/twoolard/.m2/repository/org/testng/testng/6.14.3/testng-6.14.3.jar:/Users/twoolard/.m2/repository/com/beust/jcommander/1.72/jcommander-1.72.jar:/Users/twoolard/.m2/repository/org/apache-extras/beanshell/bsh/2.0b6/bsh-2.0b6.jar:/Users/twoolard/.m2/repository/com/saucelabs/saucerest/1.0.35/saucerest-1.0.35.jar:/Users/twoolard/.m2/repository/com/googlecode/json-simple/json-simple/1.1.1/json-simple-1.1.1.jar:/Users/twoolard/.m2/repository/org/json/json/20090211/json-20090211.jar:/Users/twoolard/.m2/repository/info/cukes/cucumber-testng/1.2.5/cucumber-testng-1.2.5.jar:/Users/twoolard/.m2/repository/info/cukes/cucumber-core/1.2.5/cucumber-core-1.2.5.jar:/Users/twoolard/.m2/repository/info/cukes/cucumber-html/0.2.3/cucumber-html-0.2.3.jar:/Users/twoolard/.m2/repository/info/cukes/cucumber-java/1.2.5/cucumber-java-1.2.5.jar:/Users/twoolard/.m2/repository/info/cukes/cucumber-jvm-deps/1.0.5/cucumber-jvm-deps-1.0.5.jar:/Users/twoolard/.m2/repository/org/projectlombok/lombok/1.18.2/lombok-1.18.2.jar:/Users/twoolard/.m2/repository/com/github/detro/phantomjsdriver/1.2.0/phantomjsdriver-1.2.0.jar:/Users/twoolard/.m2/repository/org/slf4j/slf4j-log4j12/1.7.25/slf4j-log4j12-1.7.25.jar:/Users/twoolard/.m2/repository/org/slf4j/slf4j-api/1.7.25/slf4j-api-1.7.25.jar:/Users/twoolard/.m2/repository/log4j/log4j/1.2.17/log4j-1.2.17.jar:/Users/twoolard/.m2/repository/info/cukes/cucumber-picocontainer/1.2.5/cucumber-picocontainer-1.2.5.jar:/Users/twoolard/.m2/repository/info/cukes/gherkin/2.12.2/gherkin-2.12.2.jar:/Users/twoolard/.m2/repository/org/picocontainer/picocontainer/2.15/picocontainer-2.15.jar:/Users/twoolard/.m2/repository/org/uncommons/reportng/1.1.2/reportng-1.1.2.jar:/Users/twoolard/.m2/repository/velocity/velocity/1.4/velocity-1.4.jar:/Users/twoolard/.m2/repository/velocity/velocity-dep/1.4/velocity-dep-1.4.jar:/Users/twoolard/.m2/repository/junit/junit/4.12/junit-4.12.jar:/Users/twoolard/.m2/repository/org/hamcrest/hamcrest-core/1.3/hamcrest-core-1.3.jar:/Users/twoolard/.m2/repository/mysql/mysql-connector-java/5.1.25/mysql-connector-java-5.1.25.jar:/Users/twoolard/.m2/repository/commons-dbcp/commons-dbcp/1.2.2/commons-dbcp-1.2.2.jar:/Users/twoolard/.m2/repository/commons-pool/commons-pool/1.3/commons-pool-1.3.jar:/Users/twoolard/.m2/repository/com/microsoft/sqlserver/mssql-jdbc/7.1.0.jre8-preview/mssql-jdbc-7.1.0.jre8-preview.jar:/Users/twoolard/.m2/repository/javax/mail/mail/1.4.7/mail-1.4.7.jar:/Users/twoolard/.m2/repository/javax/activation/activation/1.1/activation-1.1.jar:/Users/twoolard/.m2/repository/com/typesafe/config/1.0.2/config-1.0.2.jar:/Users/twoolard/.m2/repository/org/apache/commons/commons-lang3/3.8.1/commons-lang3-3.8.1.jar:/Users/twoolard/.m2/repository/org/apache/commons/commons-collections4/4.1/commons-collections4-4.1.jar:/Users/twoolard/.m2/repository/commons-io/commons-io/2.6/commons-io-2.6.jar:/Users/twoolard/.m2/repository/com/google/api-client/google-api-client/1.23.0/google-api-client-1.23.0.jar:/Users/twoolard/.m2/repository/com/google/oauth-client/google-oauth-client/1.23.0/google-oauth-client-1.23.0.jar:/Users/twoolard/.m2/repository/com/google/http-client/google-http-client/1.23.0/google-http-client-1.23.0.jar:/Users/twoolard/.m2/repository/com/google/http-client/google-http-client-jackson2/1.23.0/google-http-client-jackson2-1.23.0.jar:/Users/twoolard/.m2/repository/com/fasterxml/jackson/core/jackson-core/2.1.3/jackson-core-2.1.3.jar:/Users/twoolard/.m2/repository/com/google/guava/guava-jdk5/17.0/guava-jdk5-17.0.jar:/Users/twoolard/.m2/repository/com/google/oauth-client/google-oauth-client-jetty/1.23.0/google-oauth-client-jetty-1.23.0.jar:/Users/twoolard/.m2/repository/com/google/oauth-client/google-oauth-client-java6/1.23.0/google-oauth-client-java6-1.23.0.jar:/Users/twoolard/.m2/repository/org/mortbay/jetty/jetty/6.1.26/jetty-6.1.26.jar:/Users/twoolard/.m2/repository/org/mortbay/jetty/jetty-util/6.1.26/jetty-util-6.1.26.jar:/Users/twoolard/.m2/repository/org/mortbay/jetty/servlet-api/2.5-20081211/servlet-api-2.5-20081211.jar:/Users/twoolard/.m2/repository/com/google/gdata/core/1.47.1/core-1.47.1.jar:/Users/twoolard/.m2/repository/com/google/code/findbugs/jsr305/1.3.7/jsr305-1.3.7.jar:/Users/twoolard/.m2/repository/org/springframework/spring-core/5.0.7.RELEASE/spring-core-5.0.7.RELEASE.jar:/Users/twoolard/.m2/repository/org/springframework/spring-jcl/5.0.7.RELEASE/spring-jcl-5.0.7.RELEASE.jar:"/>
    <property name="java.vm.vendor" value="Oracle Corporation"/>
    <property name="sun.arch.data.model" value="64"/>
    <property name="java.vendor.url" value="http://java.oracle.com/"/>
    <property name="user.timezone" value=""/>
    <property name="java.vm.specification.version" value="1.8"/>
    <property name="os.name" value="Mac OS X"/>
    <property name="user.country" value="US"/>
    <property name="sun.java.launcher" value="SUN_STANDARD"/>
    <property name="sun.boot.library.path" value="/Library/Java/JavaVirtualMachines/jdk1.8.0_111.jdk/Contents/Home/jre/lib"/>
    <property name="sun.java.command" value="/Users/twoolard/IdeaProjects/testngCucumber/target/surefire/surefirebooter8903462401024850034.jar /Users/twoolard/IdeaProjects/testngCucumber/target/surefire 2018-12-26T21-50-10_934-jvmRun1 surefire7390833345431118574tmp surefire_07549178369502493000tmp"/>
    <property name="http.nonProxyHosts" value="local|*.local|169.254/16|*.169.254/16"/>
    <property name="surefire.test.class.path" value="/Users/twoolard/IdeaProjects/testngCucumber/target/test-classes:/Users/twoolard/IdeaProjects/testngCucumber/target/classes:/Users/twoolard/.m2/repository/org/seleniumhq/selenium/selenium-java/3.14.0/selenium-java-3.14.0.jar:/Users/twoolard/.m2/repository/org/seleniumhq/selenium/selenium-api/3.14.0/selenium-api-3.14.0.jar:/Users/twoolard/.m2/repository/org/seleniumhq/selenium/selenium-edge-driver/3.14.0/selenium-edge-driver-3.14.0.jar:/Users/twoolard/.m2/repository/org/seleniumhq/selenium/selenium-opera-driver/3.14.0/selenium-opera-driver-3.14.0.jar:/Users/twoolard/.m2/repository/org/seleniumhq/selenium/selenium-remote-driver/3.14.0/selenium-remote-driver-3.14.0.jar:/Users/twoolard/.m2/repository/org/seleniumhq/selenium/selenium-safari-driver/3.14.0/selenium-safari-driver-3.14.0.jar:/Users/twoolard/.m2/repository/org/seleniumhq/selenium/selenium-support/3.14.0/selenium-support-3.14.0.jar:/Users/twoolard/.m2/repository/net/bytebuddy/byte-buddy/1.8.15/byte-buddy-1.8.15.jar:/Users/twoolard/.m2/repository/org/apache/commons/commons-exec/1.3/commons-exec-1.3.jar:/Users/twoolard/.m2/repository/commons-codec/commons-codec/1.10/commons-codec-1.10.jar:/Users/twoolard/.m2/repository/commons-logging/commons-logging/1.2/commons-logging-1.2.jar:/Users/twoolard/.m2/repository/com/google/guava/guava/25.0-jre/guava-25.0-jre.jar:/Users/twoolard/.m2/repository/org/checkerframework/checker-compat-qual/2.0.0/checker-compat-qual-2.0.0.jar:/Users/twoolard/.m2/repository/com/google/errorprone/error_prone_annotations/2.1.3/error_prone_annotations-2.1.3.jar:/Users/twoolard/.m2/repository/com/google/j2objc/j2objc-annotations/1.1/j2objc-annotations-1.1.jar:/Users/twoolard/.m2/repository/org/codehaus/mojo/animal-sniffer-annotations/1.14/animal-sniffer-annotations-1.14.jar:/Users/twoolard/.m2/repository/org/apache/httpcomponents/httpclient/4.5.5/httpclient-4.5.5.jar:/Users/twoolard/.m2/repository/org/apache/httpcomponents/httpcore/4.4.9/httpcore-4.4.9.jar:/Users/twoolard/.m2/repository/com/squareup/okhttp3/okhttp/3.10.0/okhttp-3.10.0.jar:/Users/twoolard/.m2/repository/com/squareup/okio/okio/1.14.1/okio-1.14.1.jar:/Users/twoolard/.m2/repository/org/seleniumhq/selenium/selenium-chrome-driver/3.14.0/selenium-chrome-driver-3.14.0.jar:/Users/twoolard/.m2/repository/org/seleniumhq/selenium/selenium-ie-driver/3.14.0/selenium-ie-driver-3.14.0.jar:/Users/twoolard/.m2/repository/org/seleniumhq/selenium/selenium-firefox-driver/3.14.0/selenium-firefox-driver-3.14.0.jar:/Users/twoolard/.m2/repository/org/testng/testng/6.14.3/testng-6.14.3.jar:/Users/twoolard/.m2/repository/com/beust/jcommander/1.72/jcommander-1.72.jar:/Users/twoolard/.m2/repository/org/apache-extras/beanshell/bsh/2.0b6/bsh-2.0b6.jar:/Users/twoolard/.m2/repository/com/saucelabs/saucerest/1.0.35/saucerest-1.0.35.jar:/Users/twoolard/.m2/repository/com/googlecode/json-simple/json-simple/1.1.1/json-simple-1.1.1.jar:/Users/twoolard/.m2/repository/org/json/json/20090211/json-20090211.jar:/Users/twoolard/.m2/repository/info/cukes/cucumber-testng/1.2.5/cucumber-testng-1.2.5.jar:/Users/twoolard/.m2/repository/info/cukes/cucumber-core/1.2.5/cucumber-core-1.2.5.jar:/Users/twoolard/.m2/repository/info/cukes/cucumber-html/0.2.3/cucumber-html-0.2.3.jar:/Users/twoolard/.m2/repository/info/cukes/cucumber-java/1.2.5/cucumber-java-1.2.5.jar:/Users/twoolard/.m2/repository/info/cukes/cucumber-jvm-deps/1.0.5/cucumber-jvm-deps-1.0.5.jar:/Users/twoolard/.m2/repository/org/projectlombok/lombok/1.18.2/lombok-1.18.2.jar:/Users/twoolard/.m2/repository/com/github/detro/phantomjsdriver/1.2.0/phantomjsdriver-1.2.0.jar:/Users/twoolard/.m2/repository/org/slf4j/slf4j-log4j12/1.7.25/slf4j-log4j12-1.7.25.jar:/Users/twoolard/.m2/repository/org/slf4j/slf4j-api/1.7.25/slf4j-api-1.7.25.jar:/Users/twoolard/.m2/repository/log4j/log4j/1.2.17/log4j-1.2.17.jar:/Users/twoolard/.m2/repository/info/cukes/cucumber-picocontainer/1.2.5/cucumber-picocontainer-1.2.5.jar:/Users/twoolard/.m2/repository/info/cukes/gherkin/2.12.2/gherkin-2.12.2.jar:/Users/twoolard/.m2/repository/org/picocontainer/picocontainer/2.15/picocontainer-2.15.jar:/Users/twoolard/.m2/repository/org/uncommons/reportng/1.1.2/reportng-1.1.2.jar:/Users/twoolard/.m2/repository/velocity/velocity/1.4/velocity-1.4.jar:/Users/twoolard/.m2/repository/velocity/velocity-dep/1.4/velocity-dep-1.4.jar:/Users/twoolard/.m2/repository/junit/junit/4.12/junit-4.12.jar:/Users/twoolard/.m2/repository/org/hamcrest/hamcrest-core/1.3/hamcrest-core-1.3.jar:/Users/twoolard/.m2/repository/mysql/mysql-connector-java/5.1.25/mysql-connector-java-5.1.25.jar:/Users/twoolard/.m2/repository/commons-dbcp/commons-dbcp/1.2.2/commons-dbcp-1.2.2.jar:/Users/twoolard/.m2/repository/commons-pool/commons-pool/1.3/commons-pool-1.3.jar:/Users/twoolard/.m2/repository/com/microsoft/sqlserver/mssql-jdbc/7.1.0.jre8-preview/mssql-jdbc-7.1.0.jre8-preview.jar:/Users/twoolard/.m2/repository/javax/mail/mail/1.4.7/mail-1.4.7.jar:/Users/twoolard/.m2/repository/javax/activation/activation/1.1/activation-1.1.jar:/Users/twoolard/.m2/repository/com/typesafe/config/1.0.2/config-1.0.2.jar:/Users/twoolard/.m2/repository/org/apache/commons/commons-lang3/3.8.1/commons-lang3-3.8.1.jar:/Users/twoolard/.m2/repository/org/apache/commons/commons-collections4/4.1/commons-collections4-4.1.jar:/Users/twoolard/.m2/repository/commons-io/commons-io/2.6/commons-io-2.6.jar:/Users/twoolard/.m2/repository/com/google/api-client/google-api-client/1.23.0/google-api-client-1.23.0.jar:/Users/twoolard/.m2/repository/com/google/oauth-client/google-oauth-client/1.23.0/google-oauth-client-1.23.0.jar:/Users/twoolard/.m2/repository/com/google/http-client/google-http-client/1.23.0/google-http-client-1.23.0.jar:/Users/twoolard/.m2/repository/com/google/http-client/google-http-client-jackson2/1.23.0/google-http-client-jackson2-1.23.0.jar:/Users/twoolard/.m2/repository/com/fasterxml/jackson/core/jackson-core/2.1.3/jackson-core-2.1.3.jar:/Users/twoolard/.m2/repository/com/google/guava/guava-jdk5/17.0/guava-jdk5-17.0.jar:/Users/twoolard/.m2/repository/com/google/oauth-client/google-oauth-client-jetty/1.23.0/google-oauth-client-jetty-1.23.0.jar:/Users/twoolard/.m2/repository/com/google/oauth-client/google-oauth-client-java6/1.23.0/google-oauth-client-java6-1.23.0.jar:/Users/twoolard/.m2/repository/org/mortbay/jetty/jetty/6.1.26/jetty-6.1.26.jar:/Users/twoolard/.m2/repository/org/mortbay/jetty/jetty-util/6.1.26/jetty-util-6.1.26.jar:/Users/twoolard/.m2/repository/org/mortbay/jetty/servlet-api/2.5-20081211/servlet-api-2.5-20081211.jar:/Users/twoolard/.m2/repository/com/google/gdata/core/1.47.1/core-1.47.1.jar:/Users/twoolard/.m2/repository/com/google/code/findbugs/jsr305/1.3.7/jsr305-1.3.7.jar:/Users/twoolard/.m2/repository/org/springframework/spring-core/5.0.7.RELEASE/spring-core-5.0.7.RELEASE.jar:/Users/twoolard/.m2/repository/org/springframework/spring-jcl/5.0.7.RELEASE/spring-jcl-5.0.7.RELEASE.jar:"/>
    <property name="sun.cpu.endian" value="little"/>
    <property name="user.home" value="/Users/twoolard"/>
    <property name="user.language" value="en"/>
    <property name="java.specification.vendor" value="Oracle Corporation"/>
    <property name="java.home" value="/Library/Java/JavaVirtualMachines/jdk1.8.0_111.jdk/Contents/Home/jre"/>
    <property name="basedir" value="/Users/twoolard/IdeaProjects/testngCucumber"/>
    <property name="file.separator" value="/"/>
    <property name="line.separator" value="&#10;"/>
    <property name="java.vm.specification.vendor" value="Oracle Corporation"/>
    <property name="java.specification.name" value="Java Platform API Specification"/>
    <property name="java.awt.graphicsenv" value="sun.awt.CGraphicsEnvironment"/>
    <property name="selenium.browser" value="chrome"/>
    <property name="surefire.real.class.path" value="/Users/twoolard/IdeaProjects/testngCucumber/target/surefire/surefirebooter8903462401024850034.jar"/>
    <property name="sun.boot.class.path" value="/Library/Java/JavaVirtualMachines/jdk1.8.0_111.jdk/Contents/Home/jre/lib/resources.jar:/Library/Java/JavaVirtualMachines/jdk1.8.0_111.jdk/Contents/Home/jre/lib/rt.jar:/Library/Java/JavaVirtualMachines/jdk1.8.0_111.jdk/Contents/Home/jre/lib/sunrsasign.jar:/Library/Java/JavaVirtualMachines/jdk1.8.0_111.jdk/Contents/Home/jre/lib/jsse.jar:/Library/Java/JavaVirtualMachines/jdk1.8.0_111.jdk/Contents/Home/jre/lib/jce.jar:/Library/Java/JavaVirtualMachines/jdk1.8.0_111.jdk/Contents/Home/jre/lib/charsets.jar:/Library/Java/JavaVirtualMachines/jdk1.8.0_111.jdk/Contents/Home/jre/lib/jfr.jar:/Library/Java/JavaVirtualMachines/jdk1.8.0_111.jdk/Contents/Home/jre/classes"/>
    <property name="sun.management.compiler" value="HotSpot 64-Bit Tiered Compilers"/>
    <property name="ftp.nonProxyHosts" value="local|*.local|169.254/16|*.169.254/16"/>
    <property name="java.runtime.version" value="1.8.0_111-b14"/>
    <property name="user.name" value="twoolard"/>
    <property name="path.separator" value=":"/>
    <property name="os.version" value="10.13.6"/>
    <property name="java.endorsed.dirs" value="/Library/Java/JavaVirtualMachines/jdk1.8.0_111.jdk/Contents/Home/jre/lib/endorsed"/>
    <property name="java.runtime.name" value="Java(TM) SE Runtime Environment"/>
    <property name="file.encoding" value="UTF-8"/>
    <property name="java.vm.name" value="Java HotSpot(TM) 64-Bit Server VM"/>
    <property name="localRepository" value="/Users/twoolard/.m2/repository"/>
    <property name="java.vendor.url.bug" value="http://bugreport.sun.com/bugreport/"/>
    <property name="java.io.tmpdir" value="/var/folders/k7/2hz4pcxx2t72psnb0zy8zzxm0000gq/T/"/>
    <property name="idea.version" value="2018.2"/>
    <property name="java.version" value="1.8.0_111"/>
    <property name="user.dir" value="/Users/twoolard/IdeaProjects/testngCucumber"/>
    <property name="os.arch" value="x86_64"/>
    <property name="java.vm.specification.name" value="Java Virtual Machine Specification"/>
    <property name="java.awt.printerjob" value="sun.lwawt.macosx.CPrinterJob"/>
    <property name="sun.os.patch.level" value="unknown"/>
    <property name="java.library.path" value="/Users/twoolard/Library/Java/Extensions:/Library/Java/Extensions:/Network/Library/Java/Extensions:/System/Library/Java/Extensions:/usr/lib/java:."/>
    <property name="java.vm.info" value="mixed mode"/>
    <property name="java.vendor" value="Oracle Corporation"/>
    <property name="java.vm.version" value="25.111-b14"/>
    <property name="java.ext.dirs" value="/Users/twoolard/Library/Java/Extensions:/Library/Java/JavaVirtualMachines/jdk1.8.0_111.jdk/Contents/Home/jre/lib/ext:/Library/Java/Extensions:/Network/Library/Java/Extensions:/System/Library/Java/Extensions:/usr/lib/java"/>
    <property name="sun.io.unicode.encoding" value="UnicodeBig"/>
    <property name="java.class.version" value="52.0"/>
    <property name="socksNonProxyHosts" value="local|*.local|169.254/16|*.169.254/16"/>
  </properties>
  <testcase name="feature" classname="com.company.runners.RunAllTest" time="5.807"/>
  <testcase name="feature" classname="com.company.runners.RunAllTest" time="1.849"/>
</testsuite>